0 info it worked if it ends with ok
1 verbose cli [ 'C:\\Program Files\\nodejs\\node.exe',
1 verbose cli   'C:\\Program Files\\nodejs\\node_modules\\npm\\bin\\npm-cli.js',
1 verbose cli   'run',
1 verbose cli   'dev' ]
2 info using npm@3.10.10
3 info using node@v6.11.1
4 verbose run-script [ 'predev', 'dev', 'postdev' ]
5 info lifecycle trafficlight-record@1.0.0~predev: trafficlight-record@1.0.0
6 silly lifecycle trafficlight-record@1.0.0~predev: no script for predev, continuing
7 info lifecycle trafficlight-record@1.0.0~dev: trafficlight-record@1.0.0
8 verbose lifecycle trafficlight-record@1.0.0~dev: unsafe-perm in lifecycle true
9 verbose lifecycle trafficlight-record@1.0.0~dev: PATH: C:\Program Files\nodejs\node_modules\npm\bin\node-gyp-bin;C:\repository\trafficlight-record\node_modules\.bin;C:\Users\bedussif\bin;C:\Program Files\Git\mingw64\bin;C:\Program Files\Git\usr\local\bin;C:\Program Files\Git\usr\bin;C:\Program Files\Git\usr\bin;C:\Program Files\Git\cmd;C:\Users\bedussif\Documents\cmder_mini\vendor\conemu-maximus5\ConEmu\Scripts;C:\Users\bedussif\Documents\cmder_mini\vendor\conemu-maximus5;C:\Users\bedussif\Documents\cmder_mini\vendor\conemu-maximus5\ConEmu;C:\ProgramData\Oracle\Java\javapath;C:\Program Files (x86)\Intel\iCLS Client;C:\Program Files\Intel\iCLS Client;C:\Windows\system32;C:\Windows;C:\Windows\System32\Wbem;C:\Windows\System32\WindowsPowerShell\v1.0;C:\Program Files\Intel\Intel(R) Management Engine Components\DAL;C:\Program Files (x86)\Intel\Intel(R) Management Engine Components\DAL;C:\Program Files\Intel\Intel(R) Management Engine Components\IPT;C:\Program Files (x86)\Intel\Intel(R) Management Engine Components\IPT;C:\Program Files (x86)\Windows Kits\8.1\Windows Performance Toolkit;C:\Program Files\Microsoft SQL Server\110\Tools\Binn;C:\Program Files (x86)\Microsoft SDKs\TypeScript\1.0;C:\Program Files\Microsoft SQL Server\120\Tools\Binn;C:\Program Files (x86)\Calibre2;C:\Program Files\TortoiseHg;C:\wamp64\bin\php\php5.6.25;C:\ProgramData\ComposerSetup\bin;C:\xampp\php;C:\ProgramData\chocolatey\bin;C:\Program Files\Java\jdk1.8.0_131\bin;C:\Program Files (x86)\Yarn\bin;C:\Program Files\nodejs;C:\Program Files\Git\cmd;C:\Program Files (x86)\GtkSharp\2.12\bin;C:\Program Files (x86)\GitExtensions;C:\Program Files\Microsoft SQL Server\130\Tools\Binn;C:\Program Files\dotnet;C:\Program Files (x86)\Skype\Phone;C:\Ruby23-x64\bin;C:\Users\bedussif\AppData\Local\Programs\Python\Python35;C:\Users\bedussif\AppData\Local\Programs\Python\Python35\Lib\site-packages\PyQt4;C:\Users\bedussif\AppData\Roaming\Composer\vendor\bin;C:\Users\bedussif\AppData\Local\Yarn\bin;C:\Program Files\Docker Toolbox;C:\Users\bedussif\AppData\Local\Programs\Python\Python35\Scripts;C:\Users\bedussif\AppData\Local\now-cli;C:\Users\bedussif\AppData\Roaming\npm;C:\Program Files\Microsoft VS Code\bin;C:\Users\bedussif\AppData\Local\Programs\Fiddler;C:\Users\bedussif;C:\Program Files\Git\usr\bin\vendor_perl;C:\Program Files\Git\usr\bin\core_perl
10 verbose lifecycle trafficlight-record@1.0.0~dev: CWD: C:\repository\trafficlight-record
11 silly lifecycle trafficlight-record@1.0.0~dev: Args: [ '/d /s /c',
11 silly lifecycle   'parallelshell "npm run watchBackend" "npm run watchElm" "npm run watchCss" "npm run server"' ]
12 silly lifecycle trafficlight-record@1.0.0~dev: Returned: code: 1  signal: null
13 info lifecycle trafficlight-record@1.0.0~dev: Failed to exec dev script
14 verbose stack Error: trafficlight-record@1.0.0 dev: `parallelshell "npm run watchBackend" "npm run watchElm" "npm run watchCss" "npm run server"`
14 verbose stack Exit status 1
14 verbose stack     at EventEmitter.<anonymous> (C:\Program Files\nodejs\node_modules\npm\lib\utils\lifecycle.js:255:16)
14 verbose stack     at emitTwo (events.js:106:13)
14 verbose stack     at EventEmitter.emit (events.js:191:7)
14 verbose stack     at ChildProcess.<anonymous> (C:\Program Files\nodejs\node_modules\npm\lib\utils\spawn.js:40:14)
14 verbose stack     at emitTwo (events.js:106:13)
14 verbose stack     at ChildProcess.emit (events.js:191:7)
14 verbose stack     at maybeClose (internal/child_process.js:891:16)
14 verbose stack     at Process.ChildProcess._handle.onexit (internal/child_process.js:226:5)
15 verbose pkgid trafficlight-record@1.0.0
16 verbose cwd C:\repository\trafficlight-record
17 error Windows_NT 6.3.9600
18 error argv "C:\\Program Files\\nodejs\\node.exe" "C:\\Program Files\\nodejs\\node_modules\\npm\\bin\\npm-cli.js" "run" "dev"
19 error node v6.11.1
20 error npm  v3.10.10
21 error code ELIFECYCLE
22 error trafficlight-record@1.0.0 dev: `parallelshell "npm run watchBackend" "npm run watchElm" "npm run watchCss" "npm run server"`
22 error Exit status 1
23 error Failed at the trafficlight-record@1.0.0 dev script 'parallelshell "npm run watchBackend" "npm run watchElm" "npm run watchCss" "npm run server"'.
23 error Make sure you have the latest version of node.js and npm installed.
23 error If you do, this is most likely a problem with the trafficlight-record package,
23 error not with npm itself.
23 error Tell the author that this fails on your system:
23 error     parallelshell "npm run watchBackend" "npm run watchElm" "npm run watchCss" "npm run server"
23 error You can get information on how to open an issue for this project with:
23 error     npm bugs trafficlight-record
23 error Or if that isn't available, you can get their info via:
23 error     npm owner ls trafficlight-record
23 error There is likely additional logging output above.
24 verbose exit [ 1, true ]
